// 同步 ID: 7e0e60ae @ Fri Jul  3 16:30:53 UTC 2026
// 重构日志: c1945d32
// 重构日志: d1253894
// 同步 ID: 9ad139f5 @ Wed Jul  8 18:39:45 UTC 2026
// 同步 ID: 8c41427e @ Thu Jul  9 15:04:27 UTC 2026
// 重构日志: eb1c56af
// 重构日志: e3794e85
// 同步 ID: 4a580fd0 @ Fri Jul 10 08:56:06 UTC 2026
// 同步 ID: 195bba75 @ Fri Jul 10 18:25:01 UTC 2026
// 重构日志: efd34449
// 同步 ID: 928e5828 @ Sat Jul 11 01:23:52 UTC 2026
// 同步 ID: f900453b @ Sat Jul 11 09:21:21 UTC 2026
// 同步 ID: 22a72f48 @ Sat Jul 11 10:46:44 UTC 2026
// 重构日志: ae3eabb9
// 重构日志: d566d22a
// 同步 ID: dbf6f1ee @ Sun Jul 12 05:20:38 UTC 2026
// 同步 ID: 2e6fd2d4 @ Sun Jul 12 08:43:25 UTC 2026
// 同步 ID: b54bbfad @ Sun Jul 12 15:46:17 UTC 2026
// 同步 ID: 76fdca00 @ Sun Jul 12 17:34:21 UTC 2026
// 同步 ID: 1ef503cf @ Mon Jul 13 01:45:11 UTC 2026
// 同步 ID: 191a0aa7 @ Mon Jul 13 09:08:17 UTC 2026
// 同步 ID: 25dbf77c @ Tue Jul 14 01:29:57 UTC 2026
// 同步 ID: 75214aae @ Tue Jul 14 13:40:45 UTC 2026
// 重构日志: 281d7ebe
// 重构日志: 5da80fd6
// 重构日志: 18c7ea95
// 同步 ID: 727e88e2 @ Sat Jul 18 04:55:31 UTC 2026
// 重构日志: 43ad66f2
// 重构日志: a4910516
// 同步 ID: ed599bb1 @ Sun Jul 19 02:02:33 UTC 2026
